<?xml version="1.0" encoding="utf-8"?><testsuites><testsuite name="pytest" errors="0" failures="0" skipped="0" tests="1" time="0.045" timestamp="2024-07-31T17:09:08.096204" hostname="AFSNOOSLNB00161"><testcase classname="test.integration_test.test_sample" name="test_sample_integration" time="0.001" /></testsuite></testsuites>
